Arguments: 
  /home/taron/.nvm/versions/node/v14.17.5/bin/node /home/taron/.nvm/versions/node/v14.17.5/bin/yarn

PATH: 
  /home/taron/.nvm/versions/node/v14.17.5/bin:/usr/local/sbin:/usr/local/bin:/usr/sbin:/usr/bin:/sbin:/bin:/usr/games:/usr/local/games:/snap/bin

Yarn version: 
  1.22.11

Node version: 
  14.17.5

Platform: 
  linux x64

Trace: 
  SyntaxError: /home/taron/feezbak/frontend/package.json: Unexpected token } in JSON at position 943
      at JSON.parse (<anonymous>)
      at /home/taron/.nvm/versions/node/v14.17.5/lib/node_modules/yarn/lib/cli.js:1625:59
      at Generator.next (<anonymous>)
      at step (/home/taron/.nvm/versions/node/v14.17.5/lib/node_modules/yarn/lib/cli.js:310:30)
      at /home/taron/.nvm/versions/node/v14.17.5/lib/node_modules/yarn/lib/cli.js:321:13

npm manifest: 
  {
    "name": "frontend",
    "version": "0.1.0",
    "private": true,
    "dependencies": {
      "@craco/craco": "^6.4.5",
      "@testing-library/jest-dom": "^5.16.4",
      "@testing-library/react": "^13.3.0",
      "@testing-library/user-event": "^13.5.0",
      "@types/jest": "^27.5.2",
      "@types/node": "^16.11.44",
      "@types/react": "^18.0.15",
      "@types/react-dom": "^18.0.6",
      "antd": "^4.21.7",
      "craco-antd": "^2.0.0",
      "framer-motion": "^6.5.1",
      "react": "^18.2.0",
      "react-dom": "^18.2.0",
      "react-helmet": "^6.1.0",
      "react-hook-form": "^7.34.0",
      "react-router-dom": "^6.3.0",
      "react-scripts": "5.0.1",
      "styled-components": "^5.3.5",
      "typescript": "^4.7.4",
      "web-vitals": "^2.1.4"
    },
    "scripts": {
      "start": "craco start",
      "build": "craco build",
      "test": "craco test",
      "format": "prettier --write \"**/*.ts\" \"**/*.tsx\" \"**/*.json\"",
      "lint": "eslint . --ext .ts,.tsx",
    },
    "eslintConfig": {
      "extends": [
        "react-app",
        "react-app/jest"
      ]
    },
    "browserslist": {
      "production": [
        ">0.2%",
        "not dead",
        "not op_mini all"
      ],
      "development": [
        "last 1 chrome version",
        "last 1 firefox version",
        "last 1 safari version"
      ]
    },
    "devDependencies": {
      "@types/react-helmet": "^6.1.5",
      "@types/styled-components": "^5.1.25",
      "@typescript-eslint/eslint-plugin": "^5.32.0",
      "@typescript-eslint/parser": "^5.32.0",
      "craco-alias": "^3.0.1",
      "eslint": "^8.21.0",
      "eslint-config-prettier": "^8.5.0",
      "eslint-import-resolver-alias": "^1.1.2",
      "eslint-plugin-import": "^2.26.0",
      "eslint-plugin-jsx-a11y": "^6.6.1",
      "eslint-plugin-prettier": "^4.2.1",
      "eslint-plugin-react": "^7.30.1",
      "eslint-plugin-react-hooks": "^4.6.0",
      "prettier": "^2.7.1"
    }
  }

yarn manifest: 
  No manifest

Lockfile: 
  No lockfile
